<?xml version="1.0" encoding="UTF-8"?>
<!-- Generated by org.testng.reporters.JUnitReportReporter -->
<testsuite skipped="0" hostname="DESKTOP-JJIE42H" name="com.testng_features.Simple_Annotations" tests="3" failures="0" timestamp="2021-12-21T01:27:46 IST" time="0.018" errors="0">
  <testcase name="women" time="0.002" classname="com.testng_features.Simple_Annotations"/>
  <system-out/>
  <testcase name="kids" time="0.016" classname="com.testng_features.Simple_Annotations"/>
  <system-out/>
  <testcase name="men" time="0.000" classname="com.testng_features.Simple_Annotations"/>
  <system-out/>
</testsuite> <!-- com.testng_features.Simple_Annotations -->
