<?xml version="1.0" encoding="UTF-8"?>
<!-- Generated by org.testng.reporters.JUnitReportReporter -->
<testsuite skipped="0" hostname="DESKTOP-JJIE42H" name="com.testng_features.Priority_Features" tests="3" failures="0" timestamp="2021-12-21T01:36:37 IST" time="0.022" errors="0">
  <testcase name="men" time="0.008" classname="com.testng_features.Priority_Features"/>
  <system-out/>
  <testcase name="women" time="0.012" classname="com.testng_features.Priority_Features"/>
  <system-out/>
  <testcase name="kids" time="0.002" classname="com.testng_features.Priority_Features"/>
  <system-out/>
</testsuite> <!-- com.testng_features.Priority_Features -->
