<?xml version="1.0" encoding="UTF-8"?>
<!-- Generated by org.testng.reporters.JUnitReportReporter -->
<testsuite skipped="0" hostname="DESKTOP-JJIE42H" name="com.testng_features.Report" tests="5" failures="0" timestamp="2021-12-28T22:23:17 IST" time="217.886" errors="0">
  <testcase name="launch" time="16.440" classname="com.testng_features.Report"/>
  <system-out/>
  <testcase name="sign_in" time="87.933" classname="com.testng_features.Report"/>
  <system-out/>
  <testcase name="T_shirts" time="44.402" classname="com.testng_features.Report"/>
  <system-out/>
  <testcase name="womens_dress" time="35.610" classname="com.testng_features.Report"/>
  <system-out/>
  <testcase name="sign_out" time="33.501" classname="com.testng_features.Report"/>
  <system-out/>
</testsuite> <!-- com.testng_features.Report -->
