<?xml version="1.0" encoding="UTF-8"?>
<!-- Generated by org.testng.reporters.JUnitReportReporter -->
<testsuite skipped="0" hostname="DESKTOP-JJIE42H" name="com.testng_features.Invocation_Count" tests="5" failures="0" timestamp="2021-12-28T01:48:49 EST" time="0.018" errors="0">
  <testcase name="apple" time="0.008" classname="com.testng_features.Invocation_Count"/>
  <system-out/>
  <testcase name="samsung" time="0.005" classname="com.testng_features.Invocation_Count"/>
  <system-out/>
  <testcase name="redmi" time="0.002" classname="com.testng_features.Invocation_Count"/>
  <system-out/>
  <testcase name="redmi" time="0.002" classname="com.testng_features.Invocation_Count"/>
  <system-out/>
  <testcase name="redmi" time="0.001" classname="com.testng_features.Invocation_Count"/>
  <system-out/>
</testsuite> <!-- com.testng_features.Invocation_Count -->
