<?xml version="1.0" encoding="UTF-8"?>
<!-- Generated by org.testng.reporters.JUnitReportReporter -->
<testsuite skipped="0" hostname="DESKTOP-JJIE42H" name="com.testng_features.Grouping_Features" tests="2" failures="0" timestamp="2021-12-28T02:07:41 EST" time="0.018" errors="0">
  <testcase name="spotify" time="0.017" classname="com.testng_features.Grouping_Features"/>
  <system-out/>
  <testcase name="wynkMusic" time="0.001" classname="com.testng_features.Grouping_Features"/>
  <system-out/>
</testsuite> <!-- com.testng_features.Grouping_Features -->
