<?xml version="1.0" encoding="UTF-8"?>
<!-- Generated by org.testng.reporters.JUnitReportReporter -->
<testsuite skipped="1" hostname="DESKTOP-JJIE42H" name="com.testng_features.Ignore_Concept" tests="4" failures="0" timestamp="2021-12-21T03:26:07 IST" time="0.013" errors="0">
  <testcase name="huawei" time="0.002" classname="com.testng_features.Ignore_Concept"/>
  <system-out/>
  <testcase name="apple" time="0.009" classname="com.testng_features.Ignore_Concept"/>
  <system-out/>
  <testcase name="redmi" time="0.002" classname="com.testng_features.Ignore_Concept"/>
  <system-out/>
  <testcase name="realme" classname="com.testng_features.Ignore_Concept">
    <skipped/>
  </testcase> <!-- realme -->
  <system-out/>
</testsuite> <!-- com.testng_features.Ignore_Concept -->
